<?xml version="1.0" encoding="UTF-8" standalone="yes"?><!DOCTYPE report PUBLIC "-//JACOCO//DTD Report 1.1//EN" "report.dtd"><report name="untitled"><sessioninfo id="MacBook-Pro-Ila.local-5f6de7a6" start="1715704042554" dump="1715704044909"/><sessioninfo id="MacBook-Pro-Ila.local-4d266475" start="1715704602106" dump="1715704604357"/><sessioninfo id="MacBook-Pro-Ila.local-a0b32cb2" start="1715704744782" dump="1715704746937"/><sessioninfo id="MacBook-Pro-Ila.local-4cf512de" start="1715705712532" dump="1715705714882"/><sessioninfo id="MacBook-Pro-Ila.local-ab32dbcf" start="1715706512546" dump="1715706515016"/><sessioninfo id="MacBook-Pro-Ila.local-6599faaf" start="1715706936277" dump="1715706938457"/><sessioninfo id="MacBook-Pro-Ila.local-42d59026" start="1715707485286" dump="1715707487424"/><sessioninfo id="MacBook-Pro-Ila.local-3676bacd" start="1715779720710" dump="1715779722776"/><sessioninfo id="MacBook-Pro-Ila.local-eee4d9b2" start="1715780077795" dump="1715780080238"/><sessioninfo id="MacBook-Pro-Ila.local-89946606" start="1715780569985" dump="1715780572327"/><sessioninfo id="MacBook-Pro-Ila.local-eede676c" start="1715781372280" dump="1715781374690"/><sessioninfo id="MacBook-Pro-Ila.local-a41570db" start="1715782271847" dump="1715782274062"/><sessioninfo id="MacBook-Pro-Ila.local-889d92e" start="1715782798835" dump="1715782801187"/><sessioninfo id="MacBook-Pro-Ila.local-a841a2a1" start="1715783044133" dump="1715783046283"/><sessioninfo id="MacBook-Pro-Ila.local-68029755" start="1715783295379" dump="1715783297747"/><sessioninfo id="MacBook-Pro-Ila.local-fdfe7c7c" start="1715783401132" dump="1715783403246"/><sessioninfo id="MacBook-Pro-Ila.local-1230a937" start="1715785065797" dump="1715785067954"/><sessioninfo id="MacBook-Pro-Ila.local-e537005f" start="1715785158190" dump="1715785160280"/><sessioninfo id="MacBook-Pro-Ila.local-58f5f6db" start="1715787297739" dump="1715787300009"/><sessioninfo id="MacBook-Pro-Ila.local-ce6b1f07" start="1715787322364" dump="1715787324525"/><sessioninfo id="MacBook-Pro-Ila.local-117e3ec4" start="1715790905205" dump="1715790907543"/><sessioninfo id="MacBook-Pro-Ila.local-b9ba1c09" start="1715791448702" dump="1715791450941"/><sessioninfo id="MacBook-Pro-Ila.local-20f68311" start="1715791510788" dump="1715791513016"/><sessioninfo id="MacBook-Pro-Ila.local-a6cf50c" start="1715792027370" dump="1715792029598"/><sessioninfo id="MacBook-Pro-Ila.local-6d0e3ca8" start="1715793405771" dump="1715793407965"/><sessioninfo id="MacBook-Pro-Ila.local-e85177a1" start="1715794284716" dump="1715794286973"/><sessioninfo id="MacBook-Pro-Ila.local-b2cd99c" start="1715794624124" dump="1715794626295"/><sessioninfo id="MacBook-Pro-Ila.local-3b47176b" start="1715794872921" dump="1715794875099"/><sessioninfo id="MacBook-Pro-Ila.local-fc602244" start="1715795263405" dump="1715795265717"/><sessioninfo id="MacBook-Pro-Ila.local-7cef28e9" start="1715795448971" dump="1715795451157"/><sessioninfo id="MacBook-Pro-Ila.local-a44e035a" start="1715795801341" dump="1715795803446"/><sessioninfo id="MacBook-Pro-Ila.local-e48c4d85" start="1715795888926" dump="1715795891043"/><sessioninfo id="MacBook-Pro-Ila.local-9af8c8bd" start="1715796156297" dump="1715796158287"/><sessioninfo id="MacBook-Pro-Ila.local-2bdcdc07" start="1715796410224" dump="1715796412558"/><sessioninfo id="MacBook-Pro-Ila.local-5ffbf83d" start="1715796971141" dump="1715796973451"/><sessioninfo id="MacBook-Pro-Ila.local-5f00ae11" start="1715798350140" dump="1715798352414"/><sessioninfo id="MacBook-Pro-Ila.local-4dce5f1e" start="1715866227903" dump="1715866230277"/><sessioninfo id="MacBook-Pro-Ila.local-333c293e" start="1715866332972" dump="1715866334945"/><sessioninfo id="MacBook-Pro-Ila.local-13386d97" start="1715930119121" dump="1715930121185"/><sessioninfo id="MacBook-Pro-Ila.local-90fa0881" start="1715930464342" dump="1715930466431"/><package name="com/example"><class name="com/example/Feline" sourcefilename="Feline.java"><method name="&lt;init&gt;" desc="()V" line="5"><counter type="INSTRUCTION" missed="0" covered="3"/><counter type="LINE" missed="0" covered="1"/><counter type="COMPLEXITY" missed="0" covered="1"/><counter type="METHOD" missed="0" covered="1"/></method><method name="eatMeat" desc="()Ljava/util/List;" line="9"><counter type="INSTRUCTION" missed="0" covered="4"/><counter type="LINE" missed="0" covered="1"/><counter type="COMPLEXITY" missed="0" covered="1"/><counter type="METHOD" missed="0" covered="1"/></method><method name="getFamily" desc="()Ljava/lang/String;" line="14"><counter type="INSTRUCTION" missed="0" covered="2"/><counter type="LINE" missed="0" covered="1"/><counter type="COMPLEXITY" missed="0" covered="1"/><counter type="METHOD" missed="0" covered="1"/></method><method name="getKittens" desc="()I" line="18"><counter type="INSTRUCTION" missed="0" covered="4"/><counter type="LINE" missed="0" covered="1"/><counter type="COMPLEXITY" missed="0" covered="1"/><counter type="METHOD" missed="0" covered="1"/></method><method name="getKittens" desc="(I)I" line="22"><counter type="INSTRUCTION" missed="0" covered="2"/><counter type="LINE" missed="0" covered="1"/><counter type="COMPLEXITY" missed="0" covered="1"/><counter type="METHOD" missed="0" covered="1"/></method><counter type="INSTRUCTION" missed="0" covered="15"/><counter type="LINE" missed="0" covered="5"/><counter type="COMPLEXITY" missed="0" covered="5"/><counter type="METHOD" missed="0" covered="5"/><counter type="CLASS" missed="0" covered="1"/></class><class name="com/example/Animal" sourcefilename="Animal.java"><method name="&lt;init&gt;" desc="()V" line="5"><counter type="INSTRUCTION" missed="0" covered="3"/><counter type="LINE" missed="0" covered="1"/><counter type="COMPLEXITY" missed="0" covered="1"/><counter type="METHOD" missed="0" covered="1"/></method><method name="getFood" desc="(Ljava/lang/String;)Ljava/util/List;" line="8"><counter type="INSTRUCTION" missed="9" covered="13"/><counter type="BRANCH" missed="2" covered="2"/><counter type="LINE" missed="2" covered="3"/><counter type="COMPLEXITY" missed="2" covered="1"/><counter type="METHOD" missed="0" covered="1"/></method><method name="getFamily" desc="()Ljava/lang/String;" line="18"><counter type="INSTRUCTION" missed="2" covered="0"/><counter type="LINE" missed="1" covered="0"/><counter type="COMPLEXITY" missed="1" covered="0"/><counter type="METHOD" missed="1" covered="0"/></method><counter type="INSTRUCTION" missed="11" covered="16"/><counter type="BRANCH" missed="2" covered="2"/><counter type="LINE" missed="3" covered="4"/><counter type="COMPLEXITY" missed="3" covered="2"/><counter type="METHOD" missed="1" covered="2"/><counter type="CLASS" missed="0" covered="1"/></class><class name="com/example/Predator" sourcefilename="Predator.java"/><class name="com/example/Lion" sourcefilename="Lion.java"><method name="&lt;init&gt;" desc="(Ljava/lang/String;Lcom/example/Feline;)V" line="10"><counter type="INSTRUCTION" missed="0" covered="27"/><counter type="BRANCH" missed="0" covered="4"/><counter type="LINE" missed="0" covered="8"/><counter type="COMPLEXITY" missed="0" covered="3"/><counter type="METHOD" missed="0" covered="1"/></method><method name="getKittens" desc="()I" line="22"><counter type="INSTRUCTION" missed="0" covered="4"/><counter type="LINE" missed="0" covered="1"/><counter type="COMPLEXITY" missed="0" covered="1"/><counter type="METHOD" missed="0" covered="1"/></method><method name="doesHaveMane" desc="()Z" line="26"><counter type="INSTRUCTION" missed="0" covered="3"/><counter type="LINE" missed="0" covered="1"/><counter type="COMPLEXITY" missed="0" covered="1"/><counter type="METHOD" missed="0" covered="1"/></method><method name="getFood" desc="()Ljava/util/List;" line="30"><counter type="INSTRUCTION" missed="0" covered="5"/><counter type="LINE" missed="0" covered="1"/><counter type="COMPLEXITY" missed="0" covered="1"/><counter type="METHOD" missed="0" covered="1"/></method><counter type="INSTRUCTION" missed="0" covered="39"/><counter type="BRANCH" missed="0" covered="4"/><counter type="LINE" missed="0" covered="11"/><counter type="COMPLEXITY" missed="0" covered="6"/><counter type="METHOD" missed="0" covered="4"/><counter type="CLASS" missed="0" covered="1"/></class><class name="com/example/Cat" sourcefilename="Cat.java"><method name="&lt;init&gt;" desc="(Lcom/example/Feline;)V" line="9"><counter type="INSTRUCTION" missed="0" covered="6"/><counter type="LINE" missed="0" covered="3"/><counter type="COMPLEXITY" missed="0" covered="1"/><counter type="METHOD" missed="0" covered="1"/></method><method name="getSound" desc="()Ljava/lang/String;" line="14"><counter type="INSTRUCTION" missed="0" covered="2"/><counter type="LINE" missed="0" covered="1"/><counter type="COMPLEXITY" missed="0" covered="1"/><counter type="METHOD" missed="0" covered="1"/></method><method name="getFood" desc="()Ljava/util/List;" line="18"><counter type="INSTRUCTION" missed="0" covered="4"/><counter type="LINE" missed="0" covered="1"/><counter type="COMPLEXITY" missed="0" covered="1"/><counter type="METHOD" missed="0" covered="1"/></method><counter type="INSTRUCTION" missed="0" covered="12"/><counter type="LINE" missed="0" covered="5"/><counter type="COMPLEXITY" missed="0" covered="3"/><counter type="METHOD" missed="0" covered="3"/><counter type="CLASS" missed="0" covered="1"/></class><sourcefile name="Predator.java"/><sourcefile name="Lion.java"><line nr="10" mi="0" ci="2" mb="0" cb="0"/><line nr="11" mi="0" ci="3" mb="0" cb="0"/><line nr="12" mi="0" ci="4" mb="0" cb="2"/><line nr="13" mi="0" ci="4" mb="0" cb="0"/><line nr="14" mi="0" ci="4" mb="0" cb="2"/><line nr="15" mi="0" ci="4" mb="0" cb="0"/><line nr="17" mi="0" ci="5" mb="0" cb="0"/><line nr="19" mi="0" ci="1" mb="0" cb="0"/><line nr="22" mi="0" ci="4" mb="0" cb="0"/><line nr="26" mi="0" ci="3" mb="0" cb="0"/><line nr="30" mi="0" ci="5" mb="0" cb="0"/><counter type="INSTRUCTION" missed="0" covered="39"/><counter type="BRANCH" missed="0" covered="4"/><counter type="LINE" missed="0" covered="11"/><counter type="COMPLEXITY" missed="0" covered="6"/><counter type="METHOD" missed="0" covered="4"/><counter type="CLASS" missed="0" covered="1"/></sourcefile><sourcefile name="Animal.java"><line nr="5" mi="0" ci="3" mb="0" cb="0"/><line nr="8" mi="0" ci="4" mb="1" cb="1"/><line nr="9" mi="4" ci="0" mb="0" cb="0"/><line nr="10" mi="0" ci="4" mb="1" cb="1"/><line nr="11" mi="0" ci="5" mb="0" cb="0"/><line nr="13" mi="5" ci="0" mb="0" cb="0"/><line nr="18" mi="2" ci="0" mb="0" cb="0"/><counter type="INSTRUCTION" missed="11" covered="16"/><counter type="BRANCH" missed="2" covered="2"/><counter type="LINE" missed="3" covered="4"/><counter type="COMPLEXITY" missed="3" covered="2"/><counter type="METHOD" missed="1" covered="2"/><counter type="CLASS" missed="0" covered="1"/></sourcefile><sourcefile name="Feline.java"><line nr="5" mi="0" ci="3" mb="0" cb="0"/><line nr="9" mi="0" ci="4" mb="0" cb="0"/><line nr="14" mi="0" ci="2" mb="0" cb="0"/><line nr="18" mi="0" ci="4" mb="0" cb="0"/><line nr="22" mi="0" ci="2" mb="0" cb="0"/><counter type="INSTRUCTION" missed="0" covered="15"/><counter type="LINE" missed="0" covered="5"/><counter type="COMPLEXITY" missed="0" covered="5"/><counter type="METHOD" missed="0" covered="5"/><counter type="CLASS" missed="0" covered="1"/></sourcefile><sourcefile name="Cat.java"><line nr="9" mi="0" ci="2" mb="0" cb="0"/><line nr="10" mi="0" ci="3" mb="0" cb="0"/><line nr="11" mi="0" ci="1" mb="0" cb="0"/><line nr="14" mi="0" ci="2" mb="0" cb="0"/><line nr="18" mi="0" ci="4" mb="0" cb="0"/><counter type="INSTRUCTION" missed="0" covered="12"/><counter type="LINE" missed="0" covered="5"/><counter type="COMPLEXITY" missed="0" covered="3"/><counter type="METHOD" missed="0" covered="3"/><counter type="CLASS" missed="0" covered="1"/></sourcefile><counter type="INSTRUCTION" missed="11" covered="82"/><counter type="BRANCH" missed="2" covered="6"/><counter type="LINE" missed="3" covered="25"/><counter type="COMPLEXITY" missed="3" covered="16"/><counter type="METHOD" missed="1" covered="14"/><counter type="CLASS" missed="0" covered="4"/></package><counter type="INSTRUCTION" missed="11" covered="82"/><counter type="BRANCH" missed="2" covered="6"/><counter type="LINE" missed="3" covered="25"/><counter type="COMPLEXITY" missed="3" covered="16"/><counter type="METHOD" missed="1" covered="14"/><counter type="CLASS" missed="0" covered="4"/></report>